2023-06-29 13:00:55,007 [INFO] Activator:176 - 


2023-06-29 13:00:55,016 [INFO] Activator:177 - !SESSION log4j initialized
2023-06-29 13:01:01,086 [INFO] LogOutputStream:77 - [STDOUT_REDIRECT] 
2023-06-29 13:01:22,782 [ERROR] LogOutputStream:75 - [STDERR_REDIRECT] SLF4J: Failed to load class "org.slf4j.impl.StaticLoggerBinder".
2023-06-29 13:01:22,783 [ERROR] LogOutputStream:75 - [STDERR_REDIRECT] SLF4J: Defaulting to no-operation (NOP) logger implementation
2023-06-29 13:01:22,783 [ERROR] LogOutputStream:75 - [STDERR_REDIRECT] SLF4J: See http://www.slf4j.org/codes.html#StaticLoggerBinder for further details.
2023-06-29 13:05:52,014 [INFO] ApplicationProperties:184 - Using Application install path: /opt/st/stm32cubeide_1.12.0/../../../home/tjp/.eclipse/com.st.stm32cube.ide.mcu.rcp.product_1.12.0_139061330_linux_gtk_x86_64/plugins/com.st.stm32cube.common.mx_6.8.1.202304191431
2023-06-29 13:05:52,048 [INFO] DbMcusXml:78 - Set database path to: /opt/st/stm32cubeide_1.12.0/../../../home/tjp/.eclipse/com.st.stm32cube.ide.mcu.rcp.product_1.12.0_139061330_linux_gtk_x86_64/plugins/com.st.stm32cube.common.mx_6.8.1.202304191431//db//mcu/
2023-06-29 13:05:52,050 [INFO] ApiDb:274 - Set plugin database path to: /opt/st/stm32cubeide_1.12.0/../../../home/tjp/.eclipse/com.st.stm32cube.ide.mcu.rcp.product_1.12.0_139061330_linux_gtk_x86_64/plugins/com.st.stm32cube.common.mx_6.8.1.202304191431//db//plugins/boardmanager/
2023-06-29 13:05:52,054 [WARN] ApiDb:259 - Overriding images path with different value:  => /opt/st/stm32cubeide_1.12.0/../../../home/tjp/.eclipse/com.st.stm32cube.ide.mcu.rcp.product_1.12.0_139061330_linux_gtk_x86_64/plugins/com.st.stm32cube.common.mx_6.8.1.202304191431//db//plugins/mcufinder/images/
2023-06-29 13:05:52,078 [INFO] ApiDb:250 - Set database path to: /home/tjp/.stmcufinder/plugins/mcufinder//mcu/
2023-06-29 13:05:52,082 [INFO] DbMcusAds:125 - Set database path to: /home/tjp/.stmcufinder/plugins/mcufinder//mcu/
2023-06-29 13:05:52,103 [INFO] CrossReferenceDbSqlite:203 - Set database path to: /home/tjp/.stmcufinder/plugins/mcufinder//mcu/cs/
2023-06-29 13:05:52,290 [INFO] RulesReader:64 - Compatibility file has been processed (293 Rules)
2023-06-29 13:05:52,441 [INFO] DbMcusXml:78 - Set database path to: /opt/st/stm32cubeide_1.12.0/../../../home/tjp/.eclipse/com.st.stm32cube.ide.mcu.rcp.product_1.12.0_139061330_linux_gtk_x86_64/plugins/com.st.stm32cube.common.mx_6.8.1.202304191431//db//mcu/
2023-06-29 13:05:52,442 [INFO] ApiDb:274 - Set plugin database path to: /opt/st/stm32cubeide_1.12.0/../../../home/tjp/.eclipse/com.st.stm32cube.ide.mcu.rcp.product_1.12.0_139061330_linux_gtk_x86_64/plugins/com.st.stm32cube.common.mx_6.8.1.202304191431//db//plugins/boardmanager/
2023-06-29 13:05:52,442 [INFO] ApiDb:261 - Set plugin images path to: /opt/st/stm32cubeide_1.12.0/../../../home/tjp/.eclipse/com.st.stm32cube.ide.mcu.rcp.product_1.12.0_139061330_linux_gtk_x86_64/plugins/com.st.stm32cube.common.mx_6.8.1.202304191431//db//plugins/mcufinder/images/
2023-06-29 13:05:52,443 [WARN] DbFile:41 - Overriding database path with different value: /home/tjp/.stmcufinder/plugins/mcufinder/ => /home/tjp/.stmcufinder/plugins/mcufinder
2023-06-29 13:05:52,444 [INFO] ApiDb:250 - Set database path to: /home/tjp/.stmcufinder/plugins/mcufinder//mcu/
2023-06-29 13:05:52,444 [WARN] DbFile:41 - Overriding database path with different value: /home/tjp/.stmcufinder/plugins/mcufinder/ => /home/tjp/.stmcufinder/plugins/mcufinder
2023-06-29 13:05:52,444 [INFO] DbMcusAds:125 - Set database path to: /home/tjp/.stmcufinder/plugins/mcufinder//mcu/
2023-06-29 13:05:52,444 [WARN] DbFile:41 - Overriding database path with different value: /home/tjp/.stmcufinder/plugins/mcufinder/ => /home/tjp/.stmcufinder/plugins/mcufinder
2023-06-29 13:05:52,445 [WARN] DbFile:41 - Overriding database path with different value: /home/tjp/.stmcufinder/plugins/mcufinder/ => /home/tjp/.stmcufinder/plugins/mcufinder
2023-06-29 13:05:52,445 [INFO] CrossReferenceDbSqlite:203 - Set database path to: /home/tjp/.stmcufinder/plugins/mcufinder//mcu/cs/
2023-06-29 13:05:52,619 [INFO] MainPanel:253 - HeapMemory: 512753664
2023-06-29 13:05:52,882 [INFO] DbMcusXml:78 - Set database path to: /opt/st/stm32cubeide_1.12.0/../../../home/tjp/.eclipse/com.st.stm32cube.ide.mcu.rcp.product_1.12.0_139061330_linux_gtk_x86_64/plugins/com.st.stm32cube.common.mx_6.8.1.202304191431//db//mcu/
2023-06-29 13:05:52,882 [INFO] ApiDb:274 - Set plugin database path to: /opt/st/stm32cubeide_1.12.0/../../../home/tjp/.eclipse/com.st.stm32cube.ide.mcu.rcp.product_1.12.0_139061330_linux_gtk_x86_64/plugins/com.st.stm32cube.common.mx_6.8.1.202304191431//db//plugins/boardmanager/
2023-06-29 13:05:52,882 [INFO] ApiDb:261 - Set plugin images path to: /opt/st/stm32cubeide_1.12.0/../../../home/tjp/.eclipse/com.st.stm32cube.ide.mcu.rcp.product_1.12.0_139061330_linux_gtk_x86_64/plugins/com.st.stm32cube.common.mx_6.8.1.202304191431//db//plugins/mcufinder/images/
2023-06-29 13:05:52,883 [WARN] DbFile:41 - Overriding database path with different value: /home/tjp/.stmcufinder/plugins/mcufinder/ => /home/tjp/.stmcufinder/plugins/mcufinder
2023-06-29 13:05:52,883 [INFO] ApiDb:250 - Set database path to: /home/tjp/.stmcufinder/plugins/mcufinder//mcu/
2023-06-29 13:05:52,884 [WARN] DbFile:41 - Overriding database path with different value: /home/tjp/.stmcufinder/plugins/mcufinder/ => /home/tjp/.stmcufinder/plugins/mcufinder
2023-06-29 13:05:52,884 [INFO] DbMcusAds:125 - Set database path to: /home/tjp/.stmcufinder/plugins/mcufinder//mcu/
2023-06-29 13:05:52,884 [WARN] DbFile:41 - Overriding database path with different value: /home/tjp/.stmcufinder/plugins/mcufinder/ => /home/tjp/.stmcufinder/plugins/mcufinder
2023-06-29 13:05:52,884 [WARN] DbFile:41 - Overriding database path with different value: /home/tjp/.stmcufinder/plugins/mcufinder/ => /home/tjp/.stmcufinder/plugins/mcufinder
2023-06-29 13:05:52,884 [INFO] CrossReferenceDbSqlite:203 - Set database path to: /home/tjp/.stmcufinder/plugins/mcufinder//mcu/cs/
2023-06-29 13:05:52,928 [INFO] ApplicationProperties:184 - Using Application install path: /opt/st/stm32cubeide_1.12.0/../../../home/tjp/.eclipse/com.st.stm32cube.ide.mcu.rcp.product_1.12.0_139061330_linux_gtk_x86_64/plugins/com.st.stm32cube.common.mx_6.8.1.202304191431
2023-06-29 13:05:52,931 [INFO] PluginManage:196 - Search for loadable plugins [exclusion list=, ]
2023-06-29 13:05:52,934 [INFO] PluginManage:310 - Check plugin analytics
2023-06-29 13:05:53,287 [INFO] AnalyticsPlugin:253 - Accepted Software Licenses: 
2023-06-29 13:05:53,287 [INFO] AnalyticsPlugin:255 - Accepted CMSIS Pack Licenses: STMicroelectronics.X-CUBE-EEPRMA1.4.1.0,STMicroelectronics.X-CUBE-TOUCHGFX.4.21.3,STMicroelectronics.X-CUBE-TOF1.3.3.0
2023-06-29 13:05:53,288 [INFO] AnalyticsPlugin:257 - Accepted Firmware Licenses: FW.G0.1.6.0,FW.F7.1.17.0
2023-06-29 13:05:53,309 [INFO] PluginManage:359 - Loaded plugin analytics (category:tool,tabindex:-1)
2023-06-29 13:05:53,311 [INFO] PluginManage:310 - Check plugin cadmodel
2023-06-29 13:05:53,444 [INFO] CADModel:105 - Init CAD model plugin
2023-06-29 13:05:53,444 [INFO] PluginManage:359 - Loaded plugin cadmodel (category:power,tabindex:5)
2023-06-29 13:05:53,445 [INFO] PluginManage:310 - Check plugin clock
2023-06-29 13:05:53,464 [INFO] PluginManage:359 - Loaded plugin clock (category:base,tabindex:2)
2023-06-29 13:05:53,464 [INFO] PluginManage:310 - Check plugin ddr
2023-06-29 13:05:53,466 [INFO] PluginManage:359 - Loaded plugin ddr (category:tool,tabindex:6)
2023-06-29 13:05:53,466 [INFO] PluginManage:310 - Check plugin filemanager
2023-06-29 13:05:53,636 [INFO] PluginManage:359 - Loaded plugin filemanager (category:base,tabindex:10)
2023-06-29 13:05:53,636 [INFO] PluginManage:310 - Check plugin ipmanager
2023-06-29 13:05:53,643 [INFO] PluginManage:359 - Loaded plugin ipmanager (category:base,tabindex:5)
2023-06-29 13:05:53,643 [INFO] PluginManage:310 - Check plugin lpbam
2023-06-29 13:05:53,656 [INFO] PluginManage:359 - Loaded plugin lpbam (category:base,tabindex:0)
2023-06-29 13:05:53,656 [INFO] PluginManage:310 - Check plugin pinoutandconfiguration
2023-06-29 13:05:53,671 [INFO] PluginManage:359 - Loaded plugin pinoutandconfiguration (category:base,tabindex:1)
2023-06-29 13:05:53,671 [INFO] PluginManage:310 - Check plugin pinoutconfig
2023-06-29 13:05:53,795 [WARN] SupportedApi:132 - Cannot load RTOS API schema: s4s-elt-must-match.1: The content of 'definitions' must match (annotation?, (simpleType | complexType)?, (unique | key | keyref)*)). A problem was found starting at: attribute.
2023-06-29 13:05:54,013 [INFO] PluginManage:359 - Loaded plugin pinoutconfig (category:base,tabindex:0)
2023-06-29 13:05:54,014 [INFO] PluginManage:310 - Check plugin power
2023-06-29 13:05:54,033 [INFO] PluginManage:359 - Loaded plugin power (category:power,tabindex:4)
2023-06-29 13:05:54,033 [INFO] PluginManage:310 - Check plugin projectmanager
2023-06-29 13:05:54,058 [INFO] PluginManage:359 - Loaded plugin projectmanager (category:projectmanager,tabindex:3)
2023-06-29 13:05:54,058 [INFO] PluginManage:310 - Check plugin thirdparty
2023-06-29 13:05:54,268 [INFO] PluginManage:359 - Loaded plugin thirdparty (category:base,tabindex:-1)
2023-06-29 13:05:54,269 [INFO] PluginManage:310 - Check plugin tools
2023-06-29 13:05:54,270 [WARN] IntegrityCheckThread:84 - waiting for thirdparty lock release [integrity check]
2023-06-29 13:05:54,270 [INFO] IntegrityCheckThread:86 - entering critical section [integrity check]
2023-06-29 13:05:54,273 [INFO] PluginManage:359 - Loaded plugin tools (category:base,tabindex:7)
2023-06-29 13:05:54,273 [INFO] ThirdPartyUpdaterWithRetryManager:70 - Updater plugin not ready yet. [1/15]
2023-06-29 13:05:54,273 [INFO] PluginManage:310 - Check plugin tutovideos
2023-06-29 13:05:54,536 [INFO] PluginManage:359 - Loaded plugin tutovideos (category:base,tabindex:-1)
2023-06-29 13:05:54,536 [INFO] PluginManage:310 - Check plugin updater
2023-06-29 13:05:54,561 [INFO] PluginManage:359 - Loaded plugin updater (category:base,tabindex:12)
2023-06-29 13:05:54,562 [INFO] PluginManage:283 - PluginManage : Loaded plugins [15]
2023-06-29 13:05:54,868 [INFO] PinOutPanel:1499 - setPackage(No Configuration,No Configuration)
2023-06-29 13:05:54,935 [INFO] CADModel:165 - CPN selected for project level
2023-06-29 13:05:54,936 [INFO] CADModel:114 - Register for checkConnection events
2023-06-29 13:05:54,954 [INFO] IPUIPlugin:80 - create IPUIPlugin
2023-06-29 13:05:54,954 [INFO] PluginManager:220 - loadIPPluginJar : add can
2023-06-29 13:05:54,957 [INFO] IPUIPlugin:80 - create IPUIPlugin
2023-06-29 13:05:54,957 [INFO] PluginManager:220 - loadIPPluginJar : add dfsdm
2023-06-29 13:05:54,961 [INFO] IPUIPlugin:80 - create IPUIPlugin
2023-06-29 13:05:54,961 [INFO] PluginManager:220 - loadIPPluginJar : add touchsensing
2023-06-29 13:05:54,969 [INFO] IPUIPlugin:80 - create IPUIPlugin
2023-06-29 13:05:54,970 [INFO] PluginManager:220 - loadIPPluginJar : add gic
2023-06-29 13:05:54,973 [INFO] IPUIPlugin:80 - create IPUIPlugin
2023-06-29 13:05:54,973 [INFO] PluginManager:220 - loadIPPluginJar : add gtzc
2023-06-29 13:05:54,976 [INFO] IPUIPlugin:80 - create IPUIPlugin
2023-06-29 13:05:54,976 [INFO] PluginManager:220 - loadIPPluginJar : add cryp
2023-06-29 13:05:54,983 [INFO] IPUIPlugin:80 - create IPUIPlugin
2023-06-29 13:05:54,983 [INFO] PluginManager:220 - loadIPPluginJar : add freertos
2023-06-29 13:05:54,986 [INFO] IPUIPlugin:80 - create IPUIPlugin
2023-06-29 13:05:54,986 [INFO] PluginManager:220 - loadIPPluginJar : add i2s
2023-06-29 13:05:54,989 [INFO] IPUIPlugin:80 - create IPUIPlugin
2023-06-29 13:05:54,989 [INFO] PluginManager:220 - loadIPPluginJar : add tim
2023-06-29 13:05:54,992 [INFO] IPUIPlugin:80 - create IPUIPlugin
2023-06-29 13:05:54,992 [INFO] PluginManager:220 - loadIPPluginJar : add i2c
2023-06-29 13:05:54,993 [INFO] IPUIPlugin:80 - create IPUIPlugin
2023-06-29 13:05:54,993 [INFO] PluginManager:220 - loadIPPluginJar : add fatfs
2023-06-29 13:05:54,995 [INFO] IPUIPlugin:80 - create IPUIPlugin
2023-06-29 13:05:54,995 [INFO] PluginManager:220 - loadIPPluginJar : add genericplugin
2023-06-29 13:05:54,998 [INFO] IPUIPlugin:80 - create IPUIPlugin
2023-06-29 13:05:54,998 [INFO] PluginManager:220 - loadIPPluginJar : add aes
2023-06-29 13:05:55,005 [INFO] IPUIPlugin:80 - create IPUIPlugin
2023-06-29 13:05:55,009 [INFO] PluginManager:220 - loadIPPluginJar : add plateformsettings
2023-06-29 13:05:55,016 [INFO] IPUIPlugin:80 - create IPUIPlugin
2023-06-29 13:05:55,017 [INFO] PluginManager:220 - loadIPPluginJar : add dma
2023-06-29 13:05:55,020 [INFO] IPUIPlugin:80 - create IPUIPlugin
2023-06-29 13:05:55,021 [INFO] PluginManager:220 - loadIPPluginJar : add gpio
2023-06-29 13:05:55,023 [INFO] IPUIPlugin:80 - create IPUIPlugin
2023-06-29 13:05:55,023 [INFO] PluginManager:220 - loadIPPluginJar : add usart
2023-06-29 13:05:55,024 [INFO] IPUIPlugin:80 - create IPUIPlugin
2023-06-29 13:05:55,025 [INFO] PluginManager:220 - loadIPPluginJar : add ltdc
2023-06-29 13:05:55,032 [INFO] IPUIPlugin:80 - create IPUIPlugin
2023-06-29 13:05:55,033 [INFO] PluginManager:220 - loadIPPluginJar : add fmc
2023-06-29 13:05:55,035 [INFO] IPUIPlugin:80 - create IPUIPlugin
2023-06-29 13:05:55,035 [INFO] PluginManager:220 - loadIPPluginJar : add ts
2023-06-29 13:05:55,036 [INFO] IPUIPlugin:80 - create IPUIPlugin
2023-06-29 13:05:55,037 [INFO] PluginManager:220 - loadIPPluginJar : add quadspi
2023-06-29 13:05:55,044 [INFO] IPUIPlugin:80 - create IPUIPlugin
2023-06-29 13:05:55,045 [INFO] PluginManager:220 - loadIPPluginJar : add mdma
2023-06-29 13:05:55,048 [INFO] IPUIPlugin:80 - create IPUIPlugin
2023-06-29 13:05:55,048 [INFO] PluginManager:220 - loadIPPluginJar : add sai
2023-06-29 13:05:55,054 [INFO] IPUIPlugin:80 - create IPUIPlugin
2023-06-29 13:05:55,054 [INFO] PluginManager:220 - loadIPPluginJar : add stm32_wpan
2023-06-29 13:05:55,057 [INFO] IPUIPlugin:80 - create IPUIPlugin
2023-06-29 13:05:55,057 [INFO] PluginManager:220 - loadIPPluginJar : add gfxmmu
2023-06-29 13:05:55,061 [INFO] IPUIPlugin:80 - create IPUIPlugin
2023-06-29 13:05:55,061 [INFO] PluginManager:220 - loadIPPluginJar : add resmgrutility
2023-06-29 13:05:55,064 [INFO] IPUIPlugin:80 - create IPUIPlugin
2023-06-29 13:05:55,065 [INFO] PluginManager:220 - loadIPPluginJar : add openamp
2023-06-29 13:05:55,067 [INFO] IPUIPlugin:80 - create IPUIPlugin
2023-06-29 13:05:55,067 [INFO] PluginManager:220 - loadIPPluginJar : add dma3
2023-06-29 13:05:55,070 [INFO] IPUIPlugin:80 - create IPUIPlugin
2023-06-29 13:05:55,070 [INFO] PluginManager:220 - loadIPPluginJar : add hash
2023-06-29 13:05:55,077 [INFO] IPUIPlugin:80 - create IPUIPlugin
2023-06-29 13:05:55,077 [INFO] PluginManager:220 - loadIPPluginJar : add adc
2023-06-29 13:05:55,080 [INFO] IPUIPlugin:80 - create IPUIPlugin
2023-06-29 13:05:55,080 [INFO] PluginManager:220 - loadIPPluginJar : add lorawan
2023-06-29 13:05:55,083 [INFO] IPUIPlugin:80 - create IPUIPlugin
2023-06-29 13:05:55,083 [INFO] PluginManager:220 - loadIPPluginJar : add i3c
2023-06-29 13:05:55,086 [INFO] IPUIPlugin:80 - create IPUIPlugin
2023-06-29 13:05:55,086 [INFO] PluginManager:220 - loadIPPluginJar : add ipddr
2023-06-29 13:05:55,089 [INFO] IPUIPlugin:80 - create IPUIPlugin
2023-06-29 13:05:55,089 [INFO] PluginManager:220 - loadIPPluginJar : add opamp
2023-06-29 13:05:55,091 [INFO] IPUIPlugin:80 - create IPUIPlugin
2023-06-29 13:05:55,091 [INFO] PluginManager:220 - loadIPPluginJar : add tracer_emb
2023-06-29 13:05:55,098 [INFO] IPUIPlugin:80 - create IPUIPlugin
2023-06-29 13:05:55,098 [INFO] PluginManager:220 - loadIPPluginJar : add linkedlist
2023-06-29 13:05:55,101 [INFO] IPUIPlugin:80 - create IPUIPlugin
2023-06-29 13:05:55,101 [INFO] PluginManager:220 - loadIPPluginJar : add usbx
2023-06-29 13:05:55,105 [INFO] IPUIPlugin:80 - create IPUIPlugin
2023-06-29 13:05:55,105 [INFO] PluginManager:220 - loadIPPluginJar : add nvic
2023-06-29 13:05:55,110 [INFO] IPUIPlugin:80 - create IPUIPlugin
2023-06-29 13:05:55,110 [INFO] PluginManager:220 - loadIPPluginJar : add ucpd
2023-06-29 13:05:55,112 [INFO] IPUIPlugin:80 - create IPUIPlugin
2023-06-29 13:05:55,112 [INFO] PluginManager:220 - loadIPPluginJar : add comp
2023-06-29 13:05:55,114 [INFO] IPUIPlugin:80 - create IPUIPlugin
2023-06-29 13:05:55,114 [INFO] PluginManager:220 - loadIPPluginJar : add tsc
2023-06-29 13:05:55,117 [INFO] IPUIPlugin:80 - create IPUIPlugin
2023-06-29 13:05:55,117 [INFO] PluginManager:220 - loadIPPluginJar : add spi
2023-06-29 13:05:55,120 [INFO] IPUIPlugin:80 - create IPUIPlugin
2023-06-29 13:05:55,121 [INFO] PluginManager:220 - loadIPPluginJar : add pdm2pcm
2023-06-29 13:05:55,242 [INFO] CADModel:165 - CPN selected for project level
2023-06-29 13:05:55,242 [INFO] CADModel:114 - Register for checkConnection events
2023-06-29 13:05:55,243 [FATAL] Updater:308 - Updater called before beeing initialized
2023-06-29 13:05:55,246 [ERROR] CADModel:125 - Updater not yet initialized, retry later 
2023-06-29 13:05:55,432 [INFO] CADModel:165 - CPN selected for project level
2023-06-29 13:05:55,433 [INFO] CADModel:114 - Register for checkConnection events
2023-06-29 13:05:55,433 [FATAL] Updater:308 - Updater called before beeing initialized
2023-06-29 13:05:55,433 [ERROR] CADModel:125 - Updater not yet initialized, retry later 
2023-06-29 13:05:55,438 [FATAL] Updater:308 - Updater called before beeing initialized
2023-06-29 13:05:55,567 [FATAL] Updater:308 - Updater called before beeing initialized
2023-06-29 13:05:55,577 [INFO] DbMcusAds:53 - JSON generation date=Tue Mar 07 09:50:55 CET 2023 (1678179055335)
2023-06-29 13:05:55,577 [FATAL] Updater:308 - Updater called before beeing initialized
2023-06-29 13:05:55,633 [WARN] DetailPanel:346 - Failed to get advertising image, set to default
2023-06-29 13:05:55,804 [FATAL] Updater:308 - Updater called before beeing initialized
2023-06-29 13:05:55,806 [FATAL] Updater:308 - Updater called before beeing initialized
2023-06-29 13:05:55,806 [FATAL] Updater:308 - Updater called before beeing initialized
2023-06-29 13:05:55,806 [WARN] DetailPanel:346 - Failed to get advertising image, set to default
2023-06-29 13:05:55,808 [FATAL] Updater:308 - Updater called before beeing initialized
2023-06-29 13:05:55,859 [ERROR] Updater:1120 - MainUpdater not yet initialized. External WinMGr cannot be set.
2023-06-29 13:05:55,862 [INFO] Updater:1056 - Updater Version found : 6.8.1
2023-06-29 13:05:55,890 [INFO] ApplicationProperties:184 - Using Application install path: /opt/st/stm32cubeide_1.12.0/../../../home/tjp/.eclipse/com.st.stm32cube.ide.mcu.rcp.product_1.12.0_139061330_linux_gtk_x86_64/plugins/com.st.stm32cube.common.mx_6.8.1.202304191431
2023-06-29 13:05:56,091 [INFO] MainUpdater:2854 - connection check result : 10
2023-06-29 13:05:56,092 [INFO] MainUpdater:283 - Updater Check For Update Now.
2023-06-29 13:05:56,093 [INFO] MicroXplorer:498 - Change Database Version : DB.6.0.81
2023-06-29 13:05:56,306 [INFO] CheckServerUpdateThread:120 - End of CheckServer Thread
2023-06-29 13:05:56,317 [INFO] MainUpdater:2854 - connection check result : 10
2023-06-29 13:05:56,318 [INFO] MainUpdater:2854 - connection check result : 10
2023-06-29 13:05:56,373 [INFO] MicroXplorer:468 - Change Database Path : 
2023-06-29 13:05:56,374 [INFO] MicroXplorer:498 - Change Database Version : DB.6.0.81
2023-06-29 13:05:56,375 [WARN] ThirdParty:871 - waiting for thirdparty lock release [close project]
2023-06-29 13:05:57,491 [WARN] PackLoader:240 - Cannot read IP mode file for STMicroelectronics.X-CUBE-SMBUS.2.1.0
2023-06-29 13:05:57,576 [WARN] PackLoader:240 - Cannot read IP mode file for STMicroelectronics.X-CUBE-AZRTOS-F7.1.1.0
2023-06-29 13:05:57,592 [ERROR] RealEvaluatedCondition:428 - Found unsupported composite condition: GROUP='STM32_MetaDataManager' CLASS='Data Exchange'
2023-06-29 13:05:57,592 [ERROR] RealEvaluatedCondition:428 - Found unsupported composite condition: GROUP='STM32_MetaDataManager' CLASS='Data Exchange'
2023-06-29 13:05:57,594 [WARN] PackLoader:240 - Cannot read IP mode file for STMicroelectronics.FP-SNS-MOTENV1.4.3.0
2023-06-29 13:05:57,602 [WARN] PackLoader:240 - Cannot read IP mode file for STMicroelectronics.FP-SNS-MOTENV1.4.3.2
2023-06-29 13:05:57,609 [WARN] PackLoader:240 - Cannot read IP mode file for STMicroelectronics.FP-SNS-FLIGHT1.5.0.0
2023-06-29 13:05:57,613 [ERROR] RealEvaluatedCondition:428 - Found unsupported composite condition: GROUP='STM32_MetaDataManager' CLASS='Data Exchange'
2023-06-29 13:05:57,613 [ERROR] RealEvaluatedCondition:428 - Found unsupported composite condition: CLASS='Data Exchange' GROUP='STM32_MetaDataManager'
2023-06-29 13:05:57,615 [WARN] PackLoader:240 - Cannot read IP mode file for STMicroelectronics.FP-SNS-MOTENV1.4.3.1
2023-06-29 13:05:57,621 [WARN] PackLoader:240 - Cannot read IP mode file for STMicroelectronics.FP-SNS-FLIGHT1.5.0.1
2023-06-29 13:05:57,629 [WARN] PackLoader:240 - Cannot read IP mode file for STMicroelectronics.X-CUBE-BLE1.6.2.4
2023-06-29 13:05:57,637 [WARN] PackLoader:240 - Cannot read IP mode file for STMicroelectronics.X-CUBE-DISPLAY.3.0.0
2023-06-29 13:05:57,648 [WARN] PackLoader:240 - Cannot read IP mode file for STMicroelectronics.X-CUBE-TOUCHGFX.4.22.0
2023-06-29 13:05:57,659 [INFO] LogOutputStream:77 - [STDOUT_REDIRECT] 1 : Invalid condition id : UX_CORESTACK_Condition cause : null
2023-06-29 13:05:57,660 [INFO] LogOutputStream:77 - [STDOUT_REDIRECT] 1 : Invalid condition id : UX_CORESTACK_Condition cause : null
2023-06-29 13:05:57,660 [INFO] LogOutputStream:77 - [STDOUT_REDIRECT] 1 : Invalid condition id : UX_CORESTACK_Condition cause : null
2023-06-29 13:05:57,660 [INFO] LogOutputStream:77 - [STDOUT_REDIRECT] 1 : Invalid condition id : UX_CORESTACK_Condition cause : null
2023-06-29 13:05:57,661 [INFO] LogOutputStream:77 - [STDOUT_REDIRECT] 1 : Invalid condition id : UX_CORESTACK_Condition cause : null
2023-06-29 13:05:57,683 [WARN] PackLoader:240 - Cannot read IP mode file for STMicroelectronics.X-CUBE-AZRTOS-WL.2.0.0
2023-06-29 13:05:57,692 [WARN] PackLoader:240 - Cannot read IP mode file for WES.I-CUBE-Cesium.1.3.0
2023-06-29 13:05:57,697 [WARN] PackLoader:240 - Cannot read IP mode file for STMicroelectronics.X-CUBE-BLE2.3.3.0
2023-06-29 13:05:57,701 [WARN] PackLoader:240 - Cannot read IP mode file for STMicroelectronics.X-CUBE-TOUCHGFX.4.21.3
2023-06-29 13:05:57,840 [WARN] PackLoader:240 - Cannot read IP mode file for STMicroelectronics.X-CUBE-TOUCHGFX.4.21.4
2023-06-29 13:05:57,847 [WARN] PackLoader:240 - Cannot read IP mode file for STMicroelectronics.X-CUBE-ALGOBUILD.1.3.0
2023-06-29 13:05:57,869 [WARN] PackLoader:240 - Cannot read IP mode file for STMicroelectronics.X-CUBE-AZRTOS-G0.1.1.0
2023-06-29 13:05:57,880 [WARN] PackLoader:240 - Cannot read IP mode file for STMicroelectronics.X-CUBE-NFC4.3.0.0
2023-06-29 13:05:57,885 [WARN] PackLoader:240 - Cannot read IP mode file for STMicroelectronics.FP-ATR-SIGFOX1.3.2.0
2023-06-29 13:05:57,976 [WARN] PackLoader:240 - Cannot read IP mode file for STMicroelectronics.X-CUBE-MEMS1.9.5.0
2023-06-29 13:05:58,384 [WARN] PackLoader:240 - Cannot read IP mode file for SEGGER.I-CUBE-embOS.1.3.1
2023-06-29 13:05:58,473 [WARN] PackLoader:240 - Cannot read IP mode file for STMicroelectronics.X-CUBE-GNSS1.6.0.0
2023-06-29 13:05:58,511 [WARN] PackLoader:240 - Cannot read IP mode file for STMicroelectronics.X-CUBE-AZRTOS-F4.1.1.0
2023-06-29 13:05:58,620 [WARN] PackLoader:240 - Cannot read IP mode file for STMicroelectronics.X-CUBE-MEMS1.9.6.0
2023-06-29 13:05:58,896 [WARN] PackLoader:240 - Cannot read IP mode file for emotas.I-CUBE-CANOPEN.1.1.3
2023-06-29 13:05:58,914 [WARN] PackLoader:240 - Cannot read IP mode file for STMicroelectronics.X-CUBE-BLEMGR.2.0.0
2023-06-29 13:05:58,992 [WARN] ConditionMgr:438 - getConditionDescription Invalid condition id : UX DEVICE CLASS RTOS Condition cause : null
2023-06-29 13:05:58,993 [WARN] ConditionMgr:438 - getConditionDescription Invalid condition id : UX DEVICE CLASS RTOS Condition cause : null
2023-06-29 13:05:58,999 [WARN] PackLoader:240 - Cannot read IP mode file for STMicroelectronics.X-CUBE-AZRTOS-H7.3.1.0
2023-06-29 13:05:59,001 [WARN] ConditionMgr:1039 - genDependencies : Invalid condition id : UX DEVICE CLASS RTOS Condition cause : null
2023-06-29 13:05:59,001 [WARN] ConditionMgr:1039 - genDependencies : Invalid condition id : UX DEVICE CLASS RTOS Condition cause : null
2023-06-29 13:05:59,002 [WARN] ConditionMgr:1039 - genDependencies : Invalid condition id : UX DEVICE CLASS RTOS Condition cause : null
2023-06-29 13:05:59,003 [WARN] ConditionMgr:1039 - genDependencies : Invalid condition id : UX DEVICE CLASS RTOS Condition cause : null
2023-06-29 13:05:59,003 [WARN] ConditionMgr:1039 - genDependencies : Invalid condition id : UX DEVICE CLASS RTOS Condition cause : null
2023-06-29 13:05:59,008 [WARN] PackLoader:240 - Cannot read IP mode file for wolfSSL.I-CUBE-wolfSSL.5.5.4
2023-06-29 13:05:59,015 [WARN] PackLoader:240 - Cannot read IP mode file for STMicroelectronics.X-CUBE-NFC7.1.0.1
2023-06-29 13:05:59,023 [WARN] PackLoader:240 - Cannot read IP mode file for STMicroelectronics.X-CUBE-NFC7.1.0.0
2023-06-29 13:05:59,030 [WARN] PackLoader:240 - Cannot read IP mode file for STMicroelectronics.X-CUBE-EEPRMA1.4.1.0
2023-06-29 13:05:59,126 [WARN] ConditionMgr:438 - getConditionDescription Invalid condition id : LAN8742 Phy interface Condition cause : null
2023-06-29 13:05:59,127 [WARN] PackLoader:240 - Cannot read IP mode file for STMicroelectronics.X-CUBE-AZRTOS-L4.2.0.0
2023-06-29 13:05:59,181 [WARN] ConditionMgr:1039 - genDependencies : Invalid condition id : LAN8742 Phy interface Condition cause : null
2023-06-29 13:05:59,182 [WARN] ConditionMgr:1039 - genDependencies : Invalid condition id : LAN8742 Phy interface Condition cause : null
2023-06-29 13:05:59,191 [WARN] ConditionMgr:1039 - genDependencies : Invalid condition id : LAN8742 Phy interface Condition cause : null
2023-06-29 13:05:59,209 [WARN] PackLoader:240 - Cannot read IP mode file for STMicroelectronics.X-CUBE-SFXS2LP1.4.0.0
2023-06-29 13:05:59,249 [WARN] PackLoader:240 - Cannot read IP mode file for STMicroelectronics.X-CUBE-AZRTOS-H7.3.0.0
2023-06-29 13:05:59,262 [WARN] PackLoader:240 - Cannot read IP mode file for STMicroelectronics.X-CUBE-ISPU.1.1.0
2023-06-29 13:05:59,270 [WARN] PackLoader:240 - Cannot read IP mode file for RoweBots.I-CUBE-UNISONRTOS.5.5.0-4
2023-06-29 13:05:59,280 [WARN] PackLoader:240 - Cannot read IP mode file for STMicroelectronics.X-CUBE-AI.8.0.0
2023-06-29 13:05:59,285 [WARN] PackLoader:240 - Cannot read IP mode file for STMicroelectronics.X-CUBE-FREERTOS.1.0.0
2023-06-29 13:05:59,299 [WARN] PackLoader:240 - Cannot read IP mode file for STMicroelectronics.X-CUBE-FREERTOS.1.0.1
2023-06-29 13:05:59,341 [WARN] PackLoader:240 - Cannot read IP mode file for STMicroelectronics.X-CUBE-AZRTOS-L5.1.1.0
2023-06-29 13:05:59,349 [WARN] PackLoader:240 - Cannot read IP mode file for STMicroelectronics.X-CUBE-AI.8.0.1
2023-06-29 13:05:59,361 [WARN] PackLoader:240 - Cannot read IP mode file for STMicroelectronics.X-CUBE-SUBG2.5.0.0
2023-06-29 13:05:59,408 [WARN] PackLoader:240 - Cannot read IP mode file for STMicroelectronics.X-CUBE-AZRTOS-G4.2.0.0
2023-06-29 13:05:59,424 [WARN] PackLoader:240 - Cannot read IP mode file for STMicroelectronics.X-CUBE-TOF1.3.3.0
2023-06-29 13:05:59,579 [WARN] PackLoader:240 - Cannot read IP mode file for STMicroelectronics.FP-ATR-ASTRA1.1.1.1
2023-06-29 13:05:59,659 [WARN] PackLoader:240 - Cannot read IP mode file for STMicroelectronics.X-CUBE-AZRTOS-G4.1.0.0
2023-06-29 13:05:59,687 [WARN] PackLoader:240 - Cannot read IP mode file for STMicroelectronics.X-CUBE-AZRTOS-L4.1.0.0
2023-06-29 13:05:59,709 [WARN] PackLoader:240 - Cannot read IP mode file for STMicroelectronics.X-CUBE-AZRTOS-WL.1.0.0
2023-06-29 13:05:59,716 [WARN] PackLoader:240 - Cannot read IP mode file for portGmbH.I-Cube-SoM-uGOAL.1.1.0
2023-06-29 13:05:59,724 [WARN] PackLoader:240 - Cannot read IP mode file for STMicroelectronics.X-CUBE-ALS.1.0.1
2023-06-29 13:05:59,747 [WARN] PackLoader:240 - Cannot read IP mode file for STMicroelectronics.X-CUBE-AZRTOS-WB.1.1.0
2023-06-29 13:05:59,760 [WARN] PackLoader:240 - Cannot read IP mode file for STMicroelectronics.FP-ATR-ASTRA1.2.0.0
2023-06-29 13:05:59,762 [INFO] ThirdParty:978 - Integrity check success = true
2023-06-29 13:05:59,762 [INFO] IntegrityCheckThread:100 - exiting critical section [integrity check]
2023-06-29 13:05:59,762 [INFO] IntegrityCheckThread:103 - End integrity checks thread
2023-06-29 13:05:59,762 [INFO] ThirdParty:873 - entering critical section [close project]
2023-06-29 13:05:59,764 [INFO] ThirdParty:883 - exiting critical section [close project]
2023-06-29 13:05:59,771 [INFO] PinOutPanel:1499 - setPackage(No Configuration,No Configuration)
2023-06-29 13:05:59,778 [INFO] UtilMem:75 - Begin LoadConfig() Used Memory: 479436632 Bytes (624951296)
2023-06-29 13:05:59,780 [INFO] MicroXplorer:468 - Change Database Path : 
2023-06-29 13:05:59,780 [INFO] MicroXplorer:498 - Change Database Version : DB.6.0.81
2023-06-29 13:05:59,780 [INFO] OpenFileManager:308 - Change cursor
2023-06-29 13:05:59,854 [INFO] Mcu:1937 - Initializing MCU STM32G070CBTx STM32G070CBTx STM32G070CBT6
2023-06-29 13:06:02,328 [INFO] Context:659 - Trying to add GPIOservice into a context  which must be forbidden
2023-06-29 13:06:03,533 [INFO] RtosManager:555 - Registered RTOS mode: class=CMSIS, group=RTOS, mode=CMSIS_V1, owner=FREERTOS
2023-06-29 13:06:03,533 [INFO] RtosManager:555 - Registered RTOS mode: class=CMSIS, group=RTOS2, mode=CMSIS_V2, owner=FREERTOS
2023-06-29 13:06:03,538 [INFO] RtosManager:555 - Registered RTOS mode: class=RTOS, group=Core, mode=CMSIS_V1, owner=FREERTOS
2023-06-29 13:06:03,538 [INFO] RtosManager:555 - Registered RTOS mode: class=RTOS, group=Core, mode=CMSIS_V2, owner=FREERTOS
2023-06-29 13:06:03,539 [WARN] ModelIntegratedComponent:184 - Missing modes for component STMicroelectronics:FreeRTOS:0.0.1:STMicroelectronics:RTOS:FreeRTOS:Core:::10.2.0:
2023-06-29 13:06:03,559 [WARN] ModelIntegratedComponent:63 - No mode defined for component null
2023-06-29 13:06:03,559 [WARN] ModelIntegratedComponent:63 - No mode defined for component null
2023-06-29 13:06:03,559 [WARN] ModelIntegratedComponent:63 - No mode defined for component null
2023-06-29 13:06:03,559 [WARN] ModelIntegratedComponent:63 - No mode defined for component null
2023-06-29 13:06:03,559 [WARN] ModelIntegratedComponent:63 - No mode defined for component null
2023-06-29 13:06:03,559 [WARN] ModelIntegratedComponent:63 - No mode defined for component null
2023-06-29 13:06:03,559 [WARN] ModelIntegratedComponent:63 - No mode defined for component null
2023-06-29 13:06:03,560 [WARN] ModelIntegratedComponent:63 - No mode defined for component null
2023-06-29 13:06:03,560 [WARN] ModelIntegratedComponent:63 - No mode defined for component null
2023-06-29 13:06:03,560 [WARN] ModelIntegratedComponent:63 - No mode defined for component null
2023-06-29 13:06:03,560 [WARN] ModelIntegratedComponent:63 - No mode defined for component null
2023-06-29 13:06:03,560 [WARN] ModelIntegratedComponent:63 - No mode defined for component null
2023-06-29 13:06:03,560 [WARN] ModelIntegratedComponent:63 - No mode defined for component null
2023-06-29 13:06:03,560 [WARN] ModelIntegratedComponent:63 - No mode defined for component null
2023-06-29 13:06:03,560 [WARN] ModelIntegratedComponent:63 - No mode defined for component null
2023-06-29 13:06:03,560 [WARN] ModelIntegratedComponent:63 - No mode defined for component null
2023-06-29 13:06:03,560 [WARN] ModelIntegratedComponent:63 - No mode defined for component null
2023-06-29 13:06:03,560 [WARN] ModelIntegratedComponent:63 - No mode defined for component null
2023-06-29 13:06:03,560 [WARN] ModelIntegratedComponent:63 - No mode defined for component null
2023-06-29 13:06:03,560 [WARN] ModelIntegratedComponent:63 - No mode defined for component null
2023-06-29 13:06:03,560 [WARN] ModelIntegratedComponent:63 - No mode defined for component null
2023-06-29 13:06:03,560 [WARN] ModelIntegratedComponent:63 - No mode defined for component null
2023-06-29 13:06:03,561 [WARN] ModelIntegratedComponent:63 - No mode defined for component null
2023-06-29 13:06:03,561 [WARN] ModelIntegratedComponent:63 - No mode defined for component null
2023-06-29 13:06:03,561 [WARN] ModelIntegratedComponent:63 - No mode defined for component null
2023-06-29 13:06:03,561 [WARN] ModelIntegratedComponent:63 - No mode defined for component null
2023-06-29 13:06:03,561 [WARN] ModelIntegratedComponent:63 - No mode defined for component null
2023-06-29 13:06:03,561 [WARN] ModelIntegratedComponent:63 - No mode defined for component null
2023-06-29 13:06:03,561 [WARN] ModelIntegratedComponent:63 - No mode defined for component null
2023-06-29 13:06:03,561 [WARN] ModelIntegratedComponent:63 - No mode defined for component null
2023-06-29 13:06:03,561 [WARN] ModelIntegratedComponent:63 - No mode defined for component null
2023-06-29 13:06:03,561 [WARN] ModelIntegratedComponent:63 - No mode defined for component null
2023-06-29 13:06:03,561 [WARN] ModelIntegratedComponent:63 - No mode defined for component null
2023-06-29 13:06:03,734 [INFO] ThirdPartyModel:298 - Start build external matchings
2023-06-29 13:06:04,384 [INFO] ThirdPartyModel:316 - End build external matchings
2023-06-29 13:06:04,427 [WARN] IP:2113 - FIFOMode not found: check if there is a RefParameter without a condition.
2023-06-29 13:06:04,427 [WARN] IP:2113 - TXFIFOThreshold not found: check if there is a RefParameter without a condition.
2023-06-29 13:06:04,427 [WARN] IP:2113 - RXFIFOThreshold not found: check if there is a RefParameter without a condition.
2023-06-29 13:06:04,427 [WARN] IP:2113 - AutoBaudRateEnableParam not found: check if there is a RefParameter without a condition.
2023-06-29 13:06:04,669 [INFO] UtilMem:75 - End LoadConfig() Used Memory: 493016944 Bytes (661651456)
2023-06-29 13:06:04,829 [INFO] ApiDb:581 - Connected to CubeFinder SQLite database (/home/tjp/.stmcufinder/plugins/mcufinder/mcu/cube-finder-db.db)
2023-06-29 13:06:04,911 [INFO] ApiDb:668 - CubeFinder database Data Model version=2.1
2023-06-29 13:06:04,911 [INFO] ApiDb:669 - CubeFinder database Configuration version=3.0.35
2023-06-29 13:06:04,912 [INFO] ApiDb:670 - CubeFinder database generation date=2023-05-12 (1683877179)
2023-06-29 13:06:04,912 [INFO] ApiDb:671 - CubeFinder database FW Pack versions=[FP-ATR-ASTRA1_V2.0.0, FP-SNS-FLIGHT1_V5.0.0, FP-SNS-MOTENV1_V4.3.0, STM32Cube_FW_C0_V1.0.1, STM32Cube_FW_F0_V1.11.4, STM32Cube_FW_F3_V1.11.4, STM32Cube_FW_F4_V1.27.1, STM32Cube_FW_F7_V1.17.0, STM32Cube_FW_G0_V1.6.1, STM32Cube_FW_G4_V1.5.1, STM32Cube_FW_H5_V0.5.1, STM32Cube_FW_H5_V1.0.0, STM32Cube_FW_H7_V1.11.0, STM32Cube_FW_L0_V1.12.2, STM32Cube_FW_L5_V1.5.0, STM32Cube_FW_U5_V1.2.0, STM32Cube_FW_WBA_V1.0.0, STM32Cube_FW_WBA_V1.0.0RC1, STM32Cube_FW_WBA_V1.0.0RC3, STM32Cube_FW_WB_V1.15.0RC1, STM32Cube_FW_WB_V1.16.0, STM32Cube_FW_WB_V1.16.0RC2, STM32Cube_FW_WL_V1.3.0, X-CUBE-ALGOBUILD_V1.3.0, X-CUBE-ALS_V1.0.1, X-CUBE-AZRTOS-F4_V1.1.0, X-CUBE-AZRTOS-F7_V1.1.0, X-CUBE-AZRTOS-G0_V1.1.0, X-CUBE-AZRTOS-G4_V2.0.0, X-CUBE-AZRTOS-H7_V3.1.0, X-CUBE-AZRTOS-L4_V1.0.0, X-CUBE-AZRTOS-L5_V1.1.0, X-CUBE-AZRTOS-WB_V1.1.0, X-CUBE-AZRTOS-WL_V1.0.0, X-CUBE-BLE1_V6.2.4, X-CUBE-BLE2_V3.3.0, X-CUBE-BLEMGR_V2.0.0, X-CUBE-EEPRMA1_V4.1.0, X-CUBE-FREERTOS_V1.0.1, X-CUBE-GNSS1_V6.0.0, X-CUBE-MEMS1_V9.1.0, X-CUBE-MEMS1_V9.4.0, X-CUBE-MEMS1_V9.6.0, X-CUBE-NFC4_V3.0.0, X-CUBE-NFC7_V1.0.0, X-CUBE-SFXS2LP1_V4.0.0, X-CUBE-SUBG2_V5.0.0]
2023-06-29 13:06:07,119 [INFO] ApiDb:240 - Found 297 in-development CPN: [B-G473E-ZEST1S, B-WB1M-WPAN1, B-WL5M-SUBG1, NUCLEO-C031C6, NUCLEO-H503RB, NUCLEO-H563ZI, NUCLEO-U545RE-Q, NUCLEO-U5A5ZJ-Q, NUCLEO-WBA52CG, STEVAL-PROTEUS1, STEVAL-STWINBX1, STM320518-EVAL, STM32C0116-DK, STM32C011D6Y3TR, STM32C011D6Y6TR, STM32C011F4P3, STM32C011F4P6, STM32C011F4U3, STM32C011F4U6TR, STM32C011F6P3, STM32C011F6P6, STM32C011F6U3, STM32C011F6U6TR, STM32C011J4M3, STM32C011J4M6, STM32C011J6M3, STM32C011J6M6, STM32C0316-DK, STM32C031C4T3, STM32C031C4T6, STM32C031C4U3, STM32C031C4U6, STM32C031C6T3, STM32C031C6T6, STM32C031C6U3, STM32C031C6U6, STM32C031F4P3, STM32C031F4P6, STM32C031F6P3, STM32C031F6P6, STM32C031G4U3, STM32C031G4U6, STM32C031G6U3, STM32C031G6U6, STM32C031K4T3, STM32C031K4T6, STM32C031K4U3, STM32C031K4U6, STM32C031K6T3, STM32C031K6T6, STM32C031K6U3, STM32C031K6U6, STM32G071K8TXN, STM32G071K8UXN, STM32G081GBU6N, STM32G081KBT6N, STM32G081KBUXN, STM32G0B1CCT6N, STM32G0B1KCT6, STM32G0B1NEY6TR, STM32G0B1RCT6N, STM32G0C1CCT6, STM32G0C1CCT6N, STM32G0C1CCU6N, STM32G0C1CET6N, STM32G0C1CEU6N, STM32G0C1KCT6, STM32G0C1NEY6TR, STM32G0C1RCI6N, STM32G0C1RCT6N, STM32G0C1REI6N, STM32G0C1RET6N, STM32G0C1VCI6, STM32G0C1VEI6, STM32G471CCT6, STM32G471CCU6, STM32G471CET3, STM32G471CET6, STM32G471CEU3, STM32G471CEU6, STM32G471MCT6, STM32G471MET3, STM32G471MET6, STM32G471MEY6TR, STM32G471QCT6, STM32G471QET3, STM32G471RCT6, STM32G471RET3, STM32G471RET6, STM32G471VCH6, STM32G471VCI6, STM32G471VCT6, STM32G471VEH3, STM32G471VEH6, STM32G471VEI3, STM32G471VEI6, STM32G471VET3, STM32G471VET6, STM32G474CCT6, STM32H503CBT6, STM32H503CBU6, STM32H503EBY6TR, STM32H503KBU6, STM32H503RBT6, STM32H562AGI6, STM32H562AII6, STM32H562IGK6, STM32H562IGT6, STM32H562IIK6, STM32H562IIT6, STM32H562RGT6, STM32H562RGV6, STM32H562RIT6, STM32H562RIV6, STM32H562VGT6, STM32H562VIT6, STM32H562ZGT6, STM32H562ZIT6, STM32H563AGI6, STM32H563AII3Q, STM32H563AII6, STM32H563IGK6, STM32H563IGT6, STM32H563IIK3Q, STM32H563IIK6, STM32H563IIT3Q, STM32H563IIT6, STM32H563MIY3QTR, STM32H563RGT6, STM32H563RGV6, STM32H563RIT6, STM32H563RIV6, STM32H563VGT6, STM32H563VIT3Q, STM32H563VIT6, STM32H563ZGT6, STM32H563ZIT3Q, STM32H563ZIT6, STM32H573AII3Q, STM32H573AII6, STM32H573I-DK, STM32H573IIK3Q, STM32H573IIK6, STM32H573IIT3Q, STM32H573IIT6, STM32H573MIY3QTR, STM32H573RIT6, STM32H573RIV6, STM32H573VIT3Q, STM32H573VIT6, STM32H573ZIT3Q, STM32H573ZIT6, STM32L4R5QGI6STR, STM32MP131AAE3, STM32MP131AAF3, STM32MP131AAG3, STM32MP131CAE3, STM32MP131CAF3, STM32MP131CAG3, STM32MP131DAE7, STM32MP131DAF7, STM32MP131DAG7, STM32MP131FAE7, STM32MP131FAF7, STM32MP131FAG7, STM32MP133AAE3, STM32MP133AAF3, STM32MP133AAG3, STM32MP133CAE3, STM32MP133CAF3, STM32MP133CAG3, STM32MP133DAE7, STM32MP133DAF7, STM32MP133DAG7, STM32MP133FAE7, STM32MP133FAF7, STM32MP133FAG7, STM32MP135AAE3, STM32MP135AAF3, STM32MP135AAG3, STM32MP135CAE3, STM32MP135CAF3, STM32MP135CAG3, STM32MP135DAE7, STM32MP135DAF7, STM32MP135DAG7, STM32MP135F-DK, STM32MP135FAE7, STM32MP135FAF7, STM32MP135FAF7T, STM32MP135FAF7U, STM32MP135FAG7, STM32U535CBT6, STM32U535CBT6Q, STM32U535CBU6, STM32U535CBU6Q, STM32U535CCT6, STM32U535CCT6Q, STM32U535CCU6, STM32U535CCU6Q, STM32U535CET6, STM32U535CET6Q, STM32U535CEU6, STM32U535CEU6Q, STM32U535JEY6QTR, STM32U535NCY6QTR, STM32U535NEY6QTR, STM32U535RBI6, STM32U535RBI6Q, STM32U535RBT6, STM32U535RBT6Q, STM32U535RCI6, STM32U535RCI6Q, STM32U535RCT6, STM32U535RCT6Q, STM32U535REI6, STM32U535REI6Q, STM32U535RET6, STM32U535RET6Q, STM32U535VCI6, STM32U535VCI6Q, STM32U535VCT6, STM32U535VCT6Q, STM32U535VEI6, STM32U535VEI6Q, STM32U535VET6, STM32U535VET6Q, STM32U545CET6, STM32U545CET6Q, STM32U545CEU6, STM32U545CEU6Q, STM32U545JEY6QTR, STM32U545NEY6QTR, STM32U545REI6, STM32U545REI6Q, STM32U545RET6, STM32U545RET6Q, STM32U545VEI6, STM32U545VEI6Q, STM32U545VET6, STM32U545VET6Q, STM32U595AIH6, STM32U595AIH6Q, STM32U595AJH6, STM32U595AJH6Q, STM32U595QII6, STM32U595QII6Q, STM32U595QJI6, STM32U595QJI6Q, STM32U595RIT6, STM32U595RIT6Q, STM32U595RJT6, STM32U595RJT6Q, STM32U595VIT6, STM32U595VIT6Q, STM32U595VJT6, STM32U595VJT6Q, STM32U595ZIT6, STM32U595ZIT6Q, STM32U595ZIY6QTR, STM32U595ZJT6, STM32U595ZJT6Q, STM32U595ZJY6QTR, STM32U599BJY6QTR, STM32U599NIH6Q, STM32U599NJH6Q, STM32U599VIT6Q, STM32U599VJT6, STM32U599VJT6Q, STM32U599ZIT6Q, STM32U599ZIY6QTR, STM32U599ZJT6Q, STM32U599ZJY6QTR, STM32U5A5AJH6, STM32U5A5AJH6Q, STM32U5A5QJI6, STM32U5A5QJI6Q, STM32U5A5RJT6, STM32U5A5RJT6Q, STM32U5A5VJT6, STM32U5A5VJT6Q, STM32U5A5ZJT6, STM32U5A5ZJT6Q, STM32U5A5ZJY6QTR, STM32U5A9BJY6QTR, STM32U5A9J-DK, STM32U5A9NJH6Q, STM32U5A9VJT6Q, STM32U5A9ZJT6Q, STM32U5A9ZJY6QTR, STM32WB1MMCH6, STM32WBA52CEU6, STM32WBA52CEU6T, STM32WBA52CGU6, STM32WBA52CGU6T, STM32WL5MOCH6, STM32WL5MOCH6TR]
2023-06-29 13:06:07,124 [INFO] DbMcus:216 - Found 3775 MCUs, 3775 are supported
2023-06-29 13:06:07,127 [INFO] ApiDb:423 - Load user favorites file /home/tjp/.stm32cubeide/favorites.mcus.txt: 0 item(s)
2023-06-29 13:06:07,127 [INFO] ApiDb:427 - User favorites MCUs=[]
2023-06-29 13:06:07,128 [INFO] DbMcus:222 - Set 0 / 0 favorites MCUs
2023-06-29 13:06:07,646 [WARN] ThirdParty:833 - waiting for thirdparty lock release [change project]
2023-06-29 13:06:07,646 [INFO] ThirdParty:835 - entering critical section [change project]
2023-06-29 13:06:07,647 [INFO] ThirdParty:1030 - CMSIS Pack Vendor :STMicroelectronics X-CUBE-ISPU 1.1.0
2023-06-29 13:06:07,647 [INFO] ThirdParty:1030 - CMSIS Pack Vendor :RoweBots I-CUBE-UNISONRTOS 5.5.0-4
2023-06-29 13:06:07,647 [INFO] ThirdParty:1030 - CMSIS Pack Vendor :STMicroelectronics X-CUBE-GNSS1 6.0.0
2023-06-29 13:06:07,647 [INFO] ThirdParty:1030 - CMSIS Pack Vendor :STMicroelectronics USB_HOST 2.0.0
2023-06-29 13:06:07,647 [INFO] ThirdParty:1030 - CMSIS Pack Vendor :STMicroelectronics X-CUBE-AZRTOS-F4 1.1.0
2023-06-29 13:06:07,647 [INFO] ThirdParty:1030 - CMSIS Pack Vendor :STMicroelectronics LIBJPEG 8.0.0
2023-06-29 13:06:07,647 [INFO] ThirdParty:1030 - CMSIS Pack Vendor :STMicroelectronics X-CUBE-SMBUS 2.1.0
2023-06-29 13:06:07,647 [INFO] ThirdParty:1030 - CMSIS Pack Vendor :STMicroelectronics USB_DEVICE 3.0.0
2023-06-29 13:06:07,647 [INFO] ThirdParty:1030 - CMSIS Pack Vendor :STMicroelectronics X-CUBE-AI 8.0.0
2023-06-29 13:06:07,647 [INFO] ThirdParty:1030 - CMSIS Pack Vendor :STMicroelectronics X-CUBE-FREERTOS 1.0.0
2023-06-29 13:06:07,647 [INFO] ThirdParty:1030 - CMSIS Pack Vendor :STMicroelectronics X-CUBE-FREERTOS 1.0.1
2023-06-29 13:06:07,647 [INFO] ThirdParty:1030 - CMSIS Pack Vendor :STMicroelectronics X-CUBE-TOUCHGFX 4.21.3
2023-06-29 13:06:07,647 [INFO] ThirdParty:1030 - CMSIS Pack Vendor :STMicroelectronics X-CUBE-AZRTOS-F7 1.1.0
2023-06-29 13:06:07,648 [INFO] ThirdParty:1030 - CMSIS Pack Vendor :STMicroelectronics X-CUBE-TOUCHGFX 4.21.4
2023-06-29 13:06:07,648 [INFO] ThirdParty:1030 - CMSIS Pack Vendor :STMicroelectronics USB_DEVICE 2.0.0
2023-06-29 13:06:07,648 [INFO] ThirdParty:1030 - CMSIS Pack Vendor :STMicroelectronics X-CUBE-MEMS1 9.6.0
2023-06-29 13:06:07,648 [INFO] ThirdParty:1030 - CMSIS Pack Vendor :STMicroelectronics FP-SNS-MOTENV1 4.3.0
2023-06-29 13:06:07,648 [INFO] ThirdParty:1030 - CMSIS Pack Vendor :STMicroelectronics FP-SNS-MOTENV1 4.3.2
2023-06-29 13:06:07,648 [INFO] ThirdParty:1030 - CMSIS Pack Vendor :STMicroelectronics FP-SNS-FLIGHT1 5.0.0
2023-06-29 13:06:07,648 [INFO] ThirdParty:1030 - CMSIS Pack Vendor :STMicroelectronics FP-SNS-MOTENV1 4.3.1
2023-06-29 13:06:07,648 [INFO] ThirdParty:1030 - CMSIS Pack Vendor :STMicroelectronics FP-SNS-FLIGHT1 5.0.1
2023-06-29 13:06:07,648 [INFO] ThirdParty:1030 - CMSIS Pack Vendor :STMicroelectronics X-CUBE-ALGOBUILD 1.3.0
2023-06-29 13:06:07,648 [INFO] ThirdParty:1030 - CMSIS Pack Vendor :STMicroelectronics X-CUBE-BLE1 6.2.4
2023-06-29 13:06:07,648 [INFO] ThirdParty:1030 - CMSIS Pack Vendor :STMicroelectronics X-CUBE-AZRTOS-L5 1.1.0
2023-06-29 13:06:07,648 [INFO] ThirdParty:1030 - CMSIS Pack Vendor :STMicroelectronics FreeRTOS 0.0.1
2023-06-29 13:06:07,648 [INFO] ThirdParty:1030 - CMSIS Pack Vendor :STMicroelectronics X-CUBE-AZRTOS-G0 1.1.0
2023-06-29 13:06:07,648 [INFO] ThirdParty:1030 - CMSIS Pack Vendor :emotas I-CUBE-CANOPEN 1.1.3
2023-06-29 13:06:07,648 [INFO] ThirdParty:1030 - CMSIS Pack Vendor :STMicroelectronics X-CUBE-BLEMGR 2.0.0
2023-06-29 13:06:07,648 [INFO] ThirdParty:1030 - CMSIS Pack Vendor :STMicroelectronics X-CUBE-AI 8.0.1
2023-06-29 13:06:07,649 [INFO] ThirdParty:1030 - CMSIS Pack Vendor :STMicroelectronics X-CUBE-NFC4 3.0.0
2023-06-29 13:06:07,649 [INFO] ThirdParty:1030 - CMSIS Pack Vendor :STMicroelectronics X-CUBE-SUBG2 5.0.0
2023-06-29 13:06:07,649 [INFO] ThirdParty:1030 - CMSIS Pack Vendor :STMicroelectronics STM32_WPAN 1.0.0
2023-06-29 13:06:07,649 [INFO] ThirdParty:1030 - CMSIS Pack Vendor :STMicroelectronics lwIP 2.0.3
2023-06-29 13:06:07,649 [INFO] ThirdParty:1030 - CMSIS Pack Vendor :STMicroelectronics USB_HOST 1.0.0
2023-06-29 13:06:07,649 [INFO] ThirdParty:1030 - CMSIS Pack Vendor :STMicroelectronics X-CUBE-AZRTOS-G4 2.0.0
2023-06-29 13:06:07,649 [INFO] ThirdParty:1030 - CMSIS Pack Vendor :STMicroelectronics PDM2PCM 3.1.0
2023-06-29 13:06:07,649 [INFO] ThirdParty:1030 - CMSIS Pack Vendor :STMicroelectronics X-CUBE-AZRTOS-H7 3.1.0
2023-06-29 13:06:07,649 [INFO] ThirdParty:1030 - CMSIS Pack Vendor :STMicroelectronics X-CUBE-TOF1 3.3.0
2023-06-29 13:06:07,649 [INFO] ThirdParty:1030 - CMSIS Pack Vendor :STMicroelectronics FP-ATR-ASTRA1 1.1.1
2023-06-29 13:06:07,649 [INFO] ThirdParty:1030 - CMSIS Pack Vendor :STMicroelectronics PDM2PCM 3.3.0
2023-06-29 13:06:07,649 [INFO] ThirdParty:1030 - CMSIS Pack Vendor :STMicroelectronics X-CUBE-DISPLAY 3.0.0
2023-06-29 13:06:07,649 [INFO] ThirdParty:1030 - CMSIS Pack Vendor :STMicroelectronics FP-ATR-SIGFOX1 3.2.0
2023-06-29 13:06:07,649 [INFO] ThirdParty:1030 - CMSIS Pack Vendor :STMicroelectronics X-CUBE-AZRTOS-G4 1.0.0
2023-06-29 13:06:07,649 [INFO] ThirdParty:1030 - CMSIS Pack Vendor :wolfSSL I-CUBE-wolfSSL 5.5.4
2023-06-29 13:06:07,649 [INFO] ThirdParty:1030 - CMSIS Pack Vendor :STMicroelectronics X-CUBE-AZRTOS-L4 1.0.0
2023-06-29 13:06:07,649 [INFO] ThirdParty:1030 - CMSIS Pack Vendor :STMicroelectronics HAL Drivers 0.0.0
2023-06-29 13:06:07,650 [INFO] ThirdParty:1030 - CMSIS Pack Vendor :STMicroelectronics MBEDTLS 2.16.2
2023-06-29 13:06:07,650 [INFO] ThirdParty:1030 - CMSIS Pack Vendor :STMicroelectronics X-CUBE-TOUCHGFX 4.22.0
2023-06-29 13:06:07,650 [INFO] ThirdParty:1030 - CMSIS Pack Vendor :STMicroelectronics X-CUBE-NFC7 1.0.1
2023-06-29 13:06:07,650 [INFO] ThirdParty:1030 - CMSIS Pack Vendor :STMicroelectronics MBEDTLS 2.14.1
2023-06-29 13:06:07,650 [INFO] ThirdParty:1030 - CMSIS Pack Vendor :STMicroelectronics X-CUBE-NFC7 1.0.0
2023-06-29 13:06:07,650 [INFO] ThirdParty:1030 - CMSIS Pack Vendor :STMicroelectronics X-CUBE-AZRTOS-WL 1.0.0
2023-06-29 13:06:07,650 [INFO] ThirdParty:1030 - CMSIS Pack Vendor :STMicroelectronics X-CUBE-EEPRMA1 4.1.0
2023-06-29 13:06:07,650 [INFO] ThirdParty:1030 - CMSIS Pack Vendor :portGmbH I-Cube-SoM-uGOAL 1.1.0
2023-06-29 13:06:07,650 [INFO] ThirdParty:1030 - CMSIS Pack Vendor :STMicroelectronics X-CUBE-ALS 1.0.1
2023-06-29 13:06:07,650 [INFO] ThirdParty:1030 - CMSIS Pack Vendor :STMicroelectronics X-CUBE-MEMS1 9.5.0
2023-06-29 13:06:07,650 [INFO] ThirdParty:1030 - CMSIS Pack Vendor :STMicroelectronics ThreadX 1.0.0
2023-06-29 13:06:07,650 [INFO] ThirdParty:1030 - CMSIS Pack Vendor :STMicroelectronics X-CUBE-AZRTOS-WB 1.1.0
2023-06-29 13:06:07,650 [INFO] ThirdParty:1030 - CMSIS Pack Vendor :STMicroelectronics X-CUBE-AZRTOS-WL 2.0.0
2023-06-29 13:06:07,650 [INFO] ThirdParty:1030 - CMSIS Pack Vendor :SEGGER I-CUBE-embOS 1.3.1
2023-06-29 13:06:07,650 [INFO] ThirdParty:1030 - CMSIS Pack Vendor :STMicroelectronics USB_DEVICE 1.0.0
2023-06-29 13:06:07,650 [INFO] ThirdParty:1030 - CMSIS Pack Vendor :STMicroelectronics X-CUBE-AZRTOS-L4 2.0.0
2023-06-29 13:06:07,650 [INFO] ThirdParty:1030 - CMSIS Pack Vendor :STMicroelectronics ThreadX 0.0.2
2023-06-29 13:06:07,651 [INFO] ThirdParty:1030 - CMSIS Pack Vendor :WES I-CUBE-Cesium 1.3.0
2023-06-29 13:06:07,651 [INFO] ThirdParty:1030 - CMSIS Pack Vendor :STMicroelectronics FP-ATR-ASTRA1 2.0.0
2023-06-29 13:06:07,651 [INFO] ThirdParty:1030 - CMSIS Pack Vendor :STMicroelectronics lwIP 2.1.2
2023-06-29 13:06:07,651 [INFO] ThirdParty:1030 - CMSIS Pack Vendor :STMicroelectronics X-CUBE-SFXS2LP1 4.0.0
2023-06-29 13:06:07,651 [INFO] ThirdParty:1030 - CMSIS Pack Vendor :STMicroelectronics X-CUBE-BLE2 3.3.0
2023-06-29 13:06:07,651 [INFO] ThirdParty:1030 - CMSIS Pack Vendor :STMicroelectronics PDM2PCM 3.2.0
2023-06-29 13:06:07,651 [INFO] ThirdParty:1030 - CMSIS Pack Vendor :STMicroelectronics X-CUBE-AZRTOS-H7 3.0.0
2023-06-29 13:06:07,651 [INFO] ThirdParty:841 - exiting critical section [change project]
2023-06-29 13:06:08,157 [INFO] PinOutPanel:1499 - setPackage(No Configuration,No Configuration)
2023-06-29 13:06:08,160 [INFO] PinOutPanel:1499 - setPackage(STM32G070CBTx,LQFP48)
2023-06-29 13:06:08,934 [INFO] UtilMem:75 - Before build in PCC Used Memory: 489412096 Bytes (683671552)
2023-06-29 13:06:10,394 [INFO] UtilMem:75 - After build in PCC Used Memory: 577296904 Bytes (683671552)
2023-06-29 13:06:10,470 [INFO] IPUIPlugin:80 - create IPUIPlugin
2023-06-29 13:06:10,471 [INFO] IPUIPlugin:80 - create IPUIPlugin
2023-06-29 13:06:10,471 [INFO] IPUIPlugin:80 - create IPUIPlugin
2023-06-29 13:06:10,471 [INFO] IPUIPlugin:80 - create IPUIPlugin
2023-06-29 13:06:10,471 [INFO] IPUIPlugin:80 - create IPUIPlugin
2023-06-29 13:06:10,471 [INFO] IPUIPlugin:80 - create IPUIPlugin
2023-06-29 13:06:10,471 [INFO] IPUIPlugin:80 - create IPUIPlugin
2023-06-29 13:06:10,471 [INFO] IPUIPlugin:80 - create IPUIPlugin
2023-06-29 13:06:10,472 [INFO] IPUIPlugin:80 - create IPUIPlugin
2023-06-29 13:06:10,472 [INFO] IPUIPlugin:80 - create IPUIPlugin
2023-06-29 13:06:10,472 [INFO] IPUIPlugin:80 - create IPUIPlugin
2023-06-29 13:06:10,473 [INFO] IPUIPlugin:80 - create IPUIPlugin
2023-06-29 13:06:10,473 [INFO] IPUIPlugin:80 - create IPUIPlugin
2023-06-29 13:06:10,473 [INFO] IPUIPlugin:80 - create IPUIPlugin
2023-06-29 13:06:10,474 [INFO] IPUIPlugin:80 - create IPUIPlugin
2023-06-29 13:06:10,474 [INFO] IPUIPlugin:80 - create IPUIPlugin
2023-06-29 13:06:10,474 [INFO] IPUIPlugin:80 - create IPUIPlugin
2023-06-29 13:06:10,475 [INFO] IPUIPlugin:80 - create IPUIPlugin
2023-06-29 13:06:10,475 [INFO] IPUIPlugin:80 - create IPUIPlugin
2023-06-29 13:06:10,475 [INFO] IPUIPlugin:80 - create IPUIPlugin
2023-06-29 13:06:10,475 [INFO] IPUIPlugin:80 - create IPUIPlugin
2023-06-29 13:06:10,475 [INFO] IPUIPlugin:80 - create IPUIPlugin
2023-06-29 13:06:10,475 [INFO] IPUIPlugin:80 - create IPUIPlugin
2023-06-29 13:06:10,475 [INFO] IPUIPlugin:80 - create IPUIPlugin
2023-06-29 13:06:10,476 [INFO] IPUIPlugin:80 - create IPUIPlugin
2023-06-29 13:06:10,476 [INFO] IPUIPlugin:80 - create IPUIPlugin
2023-06-29 13:06:10,476 [INFO] IPUIPlugin:80 - create IPUIPlugin
2023-06-29 13:06:10,476 [INFO] IPUIPlugin:80 - create IPUIPlugin
2023-06-29 13:06:10,476 [INFO] IPUIPlugin:80 - create IPUIPlugin
2023-06-29 13:06:10,477 [INFO] IPUIPlugin:80 - create IPUIPlugin
2023-06-29 13:06:10,535 [WARN] IP:2113 - FIFOMode not found: check if there is a RefParameter without a condition.
2023-06-29 13:06:10,535 [WARN] IP:2113 - TXFIFOThreshold not found: check if there is a RefParameter without a condition.
2023-06-29 13:06:10,535 [WARN] IP:2113 - RXFIFOThreshold not found: check if there is a RefParameter without a condition.
2023-06-29 13:06:10,535 [WARN] IP:2113 - AutoBaudRateEnableParam not found: check if there is a RefParameter without a condition.
2023-06-29 13:06:11,114 [INFO] CADModel:165 - CPN selected for project levelSTM32G070CBT6
2023-06-29 13:06:11,114 [INFO] CADModel:114 - Register for checkConnection events
2023-06-29 13:06:11,160 [INFO] OpenFileManager:328 - Restore cursor
2023-06-29 13:06:11,324 [WARN] IP:2113 - FIFOMode not found: check if there is a RefParameter without a condition.
2023-06-29 13:06:11,324 [WARN] IP:2113 - TXFIFOThreshold not found: check if there is a RefParameter without a condition.
2023-06-29 13:06:11,324 [WARN] IP:2113 - RXFIFOThreshold not found: check if there is a RefParameter without a condition.
2023-06-29 13:06:11,324 [WARN] IP:2113 - AutoBaudRateEnableParam not found: check if there is a RefParameter without a condition.
2023-06-29 13:06:11,328 [WARN] IP:2113 - FIFOMode not found: check if there is a RefParameter without a condition.
2023-06-29 13:06:11,328 [WARN] IP:2113 - TXFIFOThreshold not found: check if there is a RefParameter without a condition.
2023-06-29 13:06:11,328 [WARN] IP:2113 - RXFIFOThreshold not found: check if there is a RefParameter without a condition.
2023-06-29 13:06:11,329 [WARN] IP:2113 - AutoBaudRateEnableParam not found: check if there is a RefParameter without a condition.
2023-06-29 13:06:28,382 [INFO] Gpio:273 - dependency for GPIO [ADC1, SYS, USART1, USART3]
